Build started 2014-12-14 15:33:08.
     1>Project "C:\ProgramData\NVIDIA Corporation\CUDA Samples\v5.0\5_Simulations\particles\particles_vs2010.vcxproj" on node 2 (build target(s)).
     1>PrepareForBuild:
         Creating directory "../../bin/win64/Release/".
       InitializeBuildStatus:
         Creating "x64/Release/particles.unsuccessfulbuild" because "AlwaysCreate" was specified.
       AddCudaCompileDeps:
         C:\Program Files\Microsoft Visual Studio 10.0\VC\bin\x86_amd64\cl.exe /E /nologo /showIncludes /TP /D__CUDACC__ /DWIN32 /DWIN32 /D_MBCS /I./ /I../../common/inc /I./ /I../../common/inc /I"C:\Program Files\NVIDIA GPU Computing Toolkit\CUDA\v5.0\include" /I"C:\Program Files\NVIDIA GPU Computing Toolkit\CUDA\v5.0\bin" /I"C:\Program Files\NVIDIA GPU Computing Toolkit\CUDA\v5.0\include" /I. /FIcuda_runtime.h /c "C:\ProgramData\NVIDIA Corporation\CUDA Samples\v5.0\5_Simulations\particles\particleSystem_cuda.cu" 
       AddCudaCompilePropsDeps:
         Found "CudaToolkitCustomDir".
         Found "AdditionalDeps".
         Found "CompileOut".
         Found "Include".
         Found "UseHostInclude".
         Found "Keep".
         Found "KeepDir".
         Found "GenerateRelocatableDeviceCode".
         Found "NvccCompilation".
         Found "NvccPath".
         Found "RequiredIncludes".
         Found "TargetMachinePlatform".
         Found "CInterleavedPTX".
         Found "CodeGeneration".
         Found "GPUDebugInfo".
         Found "GenerateLineInfo".
         Found "MaxRegCount".
         Found "PtxAsOptionV".
         Found "AdditionalCompilerOptions".
         Found "Defines".
         Found "UseHostDefines".
         Found "Emulation".
         Found "HostDebugInfo".
         Found "FastMath".
         Found "Optimization".
         Found "Runtime".
         Found "RuntimeChecks".
         Found "TypeInfo".
         Found "Warning".
         Found "AdditionalOptions".
         Found "CommandLineTemplate".
         Found "PerformDeviceLink".
         Found "LinkOut".
         Found "AdditionalLibraryDirectories".
         Found "UseHostLibraryDirectories".
         Found "AdditionalDependencies".
         Found "UseHostLibraryDependencies".
         Found "GPUDebugInfo".
         Found "Optimization".
         Found "CodeGeneration".
         Found "TargetMachinePlatform".
         Found "Warning".
         Found "RuntimeChecks".
         Found "Runtime".
         Found "TypeInfo".
         Found "AdditionalCompilerOptions".
         Found "Inputs".
         Found "AdditionalOptions".
         Found "CommandLineTemplate".
       AddCudaCompilePropsDeps:
         Found "CudaToolkitCustomDir".
         Found "AdditionalDeps".
         Found "CompileOut".
         Found "Include".
         Found "UseHostInclude".
         Found "Keep".
         Found "KeepDir".
         Found "GenerateRelocatableDeviceCode".
         Found "NvccCompilation".
         Found "NvccPath".
         Found "RequiredIncludes".
         Found "TargetMachinePlatform".
         Found "CInterleavedPTX".
         Found "CodeGeneration".
         Found "GPUDebugInfo".
         Found "GenerateLineInfo".
         Found "MaxRegCount".
         Found "PtxAsOptionV".
         Found "AdditionalCompilerOptions".
         Found "Defines".
         Found "UseHostDefines".
         Found "Emulation".
         Found "HostDebugInfo".
         Found "FastMath".
         Found "Optimization".
         Found "Runtime".
         Found "RuntimeChecks".
         Found "TypeInfo".
         Found "Warning".
         Found "AdditionalOptions".
         Found "CommandLineTemplate".
         Found "PerformDeviceLink".
         Found "LinkOut".
         Found "AdditionalLibraryDirectories".
         Found "UseHostLibraryDirectories".
         Found "AdditionalDependencies".
         Found "UseHostLibraryDependencies".
         Found "GPUDebugInfo".
         Found "Optimization".
         Found "CodeGeneration".
         Found "TargetMachinePlatform".
         Found "Warning".
         Found "RuntimeChecks".
         Found "Runtime".
         Found "TypeInfo".
         Found "AdditionalCompilerOptions".
         Found "Inputs".
         Found "AdditionalOptions".
         Found "CommandLineTemplate".
       CudaBuild:
         Compiling CUDA source file particleSystem_cuda.cu...
         cmd.exe /C "C:\Users\Daniel\AppData\Local\Temp\0ae252d63a244e9abb56651b4123c439.cmd"
         "C:\Program Files\NVIDIA GPU Computing Toolkit\CUDA\v5.0\bin\nvcc.exe" -gencode=arch=compute_10,code=\"sm_10,compute_10\" -gencode=arch=compute_20,code=\"sm_20,compute_20\" -gencode=arch=compute_30,code=\"sm_30,compute_30\" -gencode=arch=compute_35,code=\"sm_35,compute_35\" --use-local-env --cl-version 2010 -ccbin "C:\Program Files\Microsoft Visual Studio 10.0\VC\bin\x86_amd64"  -I"./" -I"../../common/inc" -I"./" -I"../../common/inc" -I"C:\Program Files\NVIDIA GPU Computing Toolkit\CUDA\v5.0\include" -I"C:\Program Files\NVIDIA GPU Computing Toolkit\CUDA\v5.0\include"     --keep-dir "x64\Release" -maxrregcount=0  --machine 64 --compile     -DWIN32 -DWIN32 -D_MBCS -Xcompiler "/EHsc /W3 /nologo /O2 /Zi  /MT  " -o "x64/Release/particleSystem_cuda.cu.obj" "C:\ProgramData\NVIDIA Corporation\CUDA Samples\v5.0\5_Simulations\particles\particleSystem_cuda.cu"
         
         C:\ProgramData\NVIDIA Corporation\CUDA Samples\v5.0\5_Simulations\particles>"C:\Program Files\NVIDIA GPU Computing Toolkit\CUDA\v5.0\bin\nvcc.exe" -gencode=arch=compute_10,code=\"sm_10,compute_10\" -gencode=arch=compute_20,code=\"sm_20,compute_20\" -gencode=arch=compute_30,code=\"sm_30,compute_30\" -gencode=arch=compute_35,code=\"sm_35,compute_35\" --use-local-env --cl-version 2010 -ccbin "C:\Program Files\Microsoft Visual Studio 10.0\VC\bin\x86_amd64"  -I"./" -I"../../common/inc" -I"./" -I"../../common/inc" -I"C:\Program Files\NVIDIA GPU Computing Toolkit\CUDA\v5.0\include" -I"C:\Program Files\NVIDIA GPU Computing Toolkit\CUDA\v5.0\include"     --keep-dir "x64\Release" -maxrregcount=0  --machine 64 --compile     -DWIN32 -DWIN32 -D_MBCS -Xcompiler "/EHsc /W3 /nologo /O2 /Zi  /MT  " -o "x64/Release/particleSystem_cuda.cu.obj" "C:\ProgramData\NVIDIA Corporation\CUDA Samples\v5.0\5_Simulations\particles\particleSystem_cuda.cu" 
         particleSystem_cuda.cu
         particleSystem_cuda.cu
         tmpxft_0000086c_00000000-11_particleSystem_cuda.compute_10.cudafe1.gpu
         tmpxft_0000086c_00000000-17_particleSystem_cuda.compute_10.cudafe2.gpu
         particleSystem_cuda.cu
         tmpxft_0000086c_00000000-8_particleSystem_cuda.compute_20.cudafe1.gpu
         tmpxft_0000086c_00000000-21_particleSystem_cuda.compute_20.cudafe2.gpu
         particleSystem_cuda.cu
         tmpxft_0000086c_00000000-5_particleSystem_cuda.compute_30.cudafe1.gpu
         tmpxft_0000086c_00000000-25_particleSystem_cuda.compute_30.cudafe2.gpu
         tmpxft_0000086c_00000000-2_particleSystem_cuda.compute_35.cudafe1.gpu
         tmpxft_0000086c_00000000-28_particleSystem_cuda.compute_35.cudafe2.gpu
         particleSystem_cuda.cu
         particleSystem_cuda.cu
         particleSystem_cuda.cu
         particleSystem_cuda.cu
     1>C:\Program Files\MSBuild\Microsoft.Cpp\v4.0\BuildCustomizations\CUDA 5.0.targets(592,9): warning MSB5021: The task executable is being terminated due to cancellation of the build.
     1>Done Building Project "C:\ProgramData\NVIDIA Corporation\CUDA Samples\v5.0\5_Simulations\particles\particles_vs2010.vcxproj" (build target(s)) -- FAILED.

Build FAILED.

Time Elapsed 00:01:42.97
