Build started 2014-12-14 14:10:14.
     1>Project "C:\ProgramData\NVIDIA Corporation\CUDA Samples\v5.0\5_Simulations\particles\particles_vs2010.vcxproj" on node 2 (build target(s)).
     1>InitializeBuildStatus:
         Creating "Win32/Debug/particles.unsuccessfulbuild" because "AlwaysCreate" was specified.
       AddCudaCompileDeps:
       Skipping target "AddCudaCompileDeps" because all output files are up-to-date with respect to the input files.
       AddCudaCompilePropsDeps:
       Skipping target "AddCudaCompilePropsDeps" because all output files are up-to-date with respect to the input files.
       AddCudaCompilePropsDeps:
       Skipping target "AddCudaCompilePropsDeps" because all output files are up-to-date with respect to the input files.
       CudaBuild:
       Skipping target "CudaBuild" because all output files are up-to-date with respect to the input files.
       CudaBuild:
         Skipping CUDA source file particles_kernel.cuh (excluded from build).
       ClCompile:
         C:\Program Files\Microsoft Visual Studio 10.0\VC\bin\CL.exe /c /I./ /I../../common/inc /I"C:\Program Files\NVIDIA GPU Computing Toolkit\CUDA\v5.0\include" /ZI /nologo /W3 /WX- /Od /Oy- /D WIN32 /D _MBCS /Gm /EHsc /RTC1 /MTd /GS /fp:precise /Zc:wchar_t /Zc:forScope /Fo"Win32/Debug/" /Fd"Win32/Debug/vc100.pdb" /Gd /TP /analyze- /errorReport:prompt particles.cpp
         particles.cpp
       Link:
         C:\Program Files\Microsoft Visual Studio 10.0\VC\bin\link.exe /ERRORREPORT:PROMPT /OUT:"../../bin/win32/Debug//particles.exe" /NOLOGO /LIBPATH:"C:\Program Files\NVIDIA GPU Computing Toolkit\CUDA\v5.0\lib\Win32" /LIBPATH:../../common/lib/Win32 cudart.lib freeglut.lib glew32.lib kernel32.lib user32.lib gdi32.lib winspool.lib comdlg32.lib advapi32.lib shell32.lib ole32.lib oleaut32.lib uuid.lib odbc32.lib odbccp32.lib kernel32.lib user32.lib gdi32.lib winspool.lib comdlg32.lib advapi32.lib shell32.lib ole32.lib oleaut32.lib uuid.lib odbc32.lib odbccp32.lib /MANIFEST /ManifestFile:"Win32/Debug/particles.exe.intermediate.manifest" /MANIFESTUAC:"level='asInvoker' uiAccess='false'" /DEBUG /PDB:"C:\ProgramData\NVIDIA Corporation\CUDA Samples\v5.0\bin\win32\Debug\particles.pdb" /SUBSYSTEM:CONSOLE /TLBID:1 /DYNAMICBASE /NXCOMPAT /IMPLIB:"../../bin/win32/Debug/particles.lib" /MACHINE:X86 Win32/Debug/particleSystem_cuda.cu.obj
         Win32/Debug/particles.obj
         Win32/Debug/particleSystem.obj
         Win32/Debug/render_particles.obj
         Win32/Debug/shaders.obj
         LINK : ../../bin/win32/Debug//particles.exe not found or not built by the last incremental link; performing full link
         particles_vs2010.vcxproj -> C:\ProgramData\NVIDIA Corporation\CUDA Samples\v5.0\5_Simulations\particles\../../bin/win32/Debug/particles.exe
       Manifest:
         c:\Program Files\Microsoft SDKs\Windows\v7.0A\bin\mt.exe /nologo /verbose /outputresource:"../../bin/win32/Debug//particles.exe;#1" /manifest Win32/Debug/particles.exe.intermediate.manifest
       FinalizeBuildStatus:
         Deleting file "Win32/Debug/particles.unsuccessfulbuild".
         Touching "Win32/Debug/particles.lastbuildstate".
     1>Done Building Project "C:\ProgramData\NVIDIA Corporation\CUDA Samples\v5.0\5_Simulations\particles\particles_vs2010.vcxproj" (build target(s)).

Build succeeded.

Time Elapsed 00:00:02.40
