Build started 2/18/2015 4:35:45 PM.
     1>Project "C:\ProgramData\NVIDIA Corporation\CUDA Samples\v5.0\5_Simulations\particles\particles_vs2010.vcxproj" on node 2 (build target(s)).
     1>InitializeBuildStatus:
         Creating "Win32/Release/particles.unsuccessfulbuild" because "AlwaysCreate" was specified.
       AddCudaCompileDeps:
       Skipping target "AddCudaCompileDeps" because all output files are up-to-date with respect to the input files.
       AddCudaCompilePropsDeps:
       Skipping target "AddCudaCompilePropsDeps" because all output files are up-to-date with respect to the input files.
       AddCudaCompilePropsDeps:
       Skipping target "AddCudaCompilePropsDeps" because all output files are up-to-date with respect to the input files.
       CudaBuild:
       Skipping target "CudaBuild" because all output files are up-to-date with respect to the input files.
       CudaBuild:
         Skipping CUDA source file particles_kernel.cuh (excluded from build).
       ClCompile:
         C:\Program Files\Microsoft Visual Studio 10.0\VC\bin\CL.exe /c /I./ /I../../common/inc /I"C:\Program Files\NVIDIA GPU Computing Toolkit\CUDA\v5.0\include" /Zi /nologo /W3 /WX- /O2 /Oi /Oy- /GL /D WIN32 /D _MBCS /Gm- /EHsc /MT /GS /Gy /fp:precise /Zc:wchar_t /Zc:forScope /Fo"Win32/Release/" /Fd"Win32/Release/vc100.pdb" /Gd /TP /analyze- /errorReport:prompt particles.cpp
         particles.cpp
     1>particles.cpp(200): warning C4244: 'argument' : conversion from 'int' to 'float', possible loss of data
     1>particles.cpp(202): warning C4244: '=' : conversion from 'long double' to 'float', possible loss of data
     1>particles.cpp(272): warning C4244: 'argument' : conversion from 'int' to 'float', possible loss of data
     1>particles.cpp(274): warning C4244: '=' : conversion from 'long double' to 'float', possible loss of data
       ResourceCompile:
         All outputs are up-to-date.
       Link:
         C:\Program Files\Microsoft Visual Studio 10.0\VC\bin\link.exe /ERRORREPORT:PROMPT /OUT:"../../bin/win32/Release//particles.exe" /INCREMENTAL:NO /NOLOGO /LIBPATH:"C:\Program Files\NVIDIA GPU Computing Toolkit\CUDA\v5.0\lib\Win32" /LIBPATH:../../common/lib/Win32 cudart.lib freeglut.lib glew32.lib kernel32.lib user32.lib gdi32.lib winspool.lib comdlg32.lib advapi32.lib shell32.lib ole32.lib oleaut32.lib uuid.lib odbc32.lib odbccp32.lib kernel32.lib user32.lib gdi32.lib winspool.lib comdlg32.lib advapi32.lib shell32.lib ole32.lib oleaut32.lib uuid.lib odbc32.lib odbccp32.lib /MANIFEST /ManifestFile:"Win32/Release/particles.exe.intermediate.manifest" /MANIFESTUAC:"level='asInvoker' uiAccess='false'" /PDB:"C:\ProgramData\NVIDIA Corporation\CUDA Samples\v5.0\bin\win32\Release\particles.pdb" /SUBSYSTEM:CONSOLE /OPT:REF /OPT:ICF /LTCG /TLBID:1 /DYNAMICBASE /NXCOMPAT /IMPLIB:"../../bin/win32/Release/particles.lib" /MACHINE:X86 Win32/Release/particleSystem_cuda.cu.obj
         Win32/Release/particles.res
         Win32/Release/particles.obj
         Win32/Release/particleSystem.obj
         Win32/Release/render_particles.obj
         Win32/Release/shaders.obj
         Generating code
         Finished generating code
         particles_vs2010.vcxproj -> C:\ProgramData\NVIDIA Corporation\CUDA Samples\v5.0\5_Simulations\particles\../../bin/win32/Release/particles.exe
       Manifest:
         C:\Program Files\Microsoft SDKs\Windows\v7.0A\bin\mt.exe /nologo /verbose /outputresource:"../../bin/win32/Release//particles.exe;#1" /manifest Win32/Release/particles.exe.intermediate.manifest
       FinalizeBuildStatus:
         Deleting file "Win32/Release/particles.unsuccessfulbuild".
         Touching "Win32/Release/particles.lastbuildstate".
     1>Done Building Project "C:\ProgramData\NVIDIA Corporation\CUDA Samples\v5.0\5_Simulations\particles\particles_vs2010.vcxproj" (build target(s)).

Build succeeded.

Time Elapsed 00:00:03.35
