C:\ProgramData\NVIDIA Corporation\CUDA Samples\v5.0\5_Simulations\particles\../../bin/win32/Release/particles.exe
C:\ProgramData\NVIDIA Corporation\CUDA Samples\v5.0\5_Simulations\particles\Win32\Release\cl.command.1.tlog
C:\ProgramData\NVIDIA Corporation\CUDA Samples\v5.0\5_Simulations\particles\Win32\Release\CL.read.1.tlog
C:\ProgramData\NVIDIA Corporation\CUDA Samples\v5.0\5_Simulations\particles\Win32\Release\CL.write.1.tlog
C:\ProgramData\NVIDIA Corporation\CUDA Samples\v5.0\5_Simulations\particles\Win32\Release\link.command.1.tlog
C:\ProgramData\NVIDIA Corporation\CUDA Samples\v5.0\5_Simulations\particles\Win32\Release\link.read.1.tlog
C:\ProgramData\NVIDIA Corporation\CUDA Samples\v5.0\5_Simulations\particles\Win32\Release\link.write.1.tlog
C:\ProgramData\NVIDIA Corporation\CUDA Samples\v5.0\5_Simulations\particles\Win32\Release\link-cvtres.read.1.tlog
C:\ProgramData\NVIDIA Corporation\CUDA Samples\v5.0\5_Simulations\particles\Win32\Release\link-cvtres.write.1.tlog
C:\ProgramData\NVIDIA Corporation\CUDA Samples\v5.0\5_Simulations\particles\Win32\Release\mt.command.1.tlog
C:\ProgramData\NVIDIA Corporation\CUDA Samples\v5.0\5_Simulations\particles\Win32\Release\mt.read.1.tlog
C:\ProgramData\NVIDIA Corporation\CUDA Samples\v5.0\5_Simulations\particles\Win32\Release\mt.write.1.tlog
C:\PROGRAMDATA\NVIDIA CORPORATION\CUDA SAMPLES\V5.0\5_SIMULATIONS\PARTICLES\WIN32\RELEASE\PARTICLES.EXE.INTERMEDIATE.MANIFEST
C:\PROGRAMDATA\NVIDIA CORPORATION\CUDA SAMPLES\V5.0\5_SIMULATIONS\PARTICLES\WIN32\RELEASE\PARTICLES.OBJ
C:\PROGRAMDATA\NVIDIA CORPORATION\CUDA SAMPLES\V5.0\5_SIMULATIONS\PARTICLES\WIN32\RELEASE\PARTICLES.RES
C:\ProgramData\NVIDIA Corporation\CUDA Samples\v5.0\5_Simulations\particles\Win32\Release\particles_kernel.cuh.cache
C:\PROGRAMDATA\NVIDIA CORPORATION\CUDA SAMPLES\V5.0\5_SIMULATIONS\PARTICLES\WIN32\RELEASE\PARTICLESYSTEM.OBJ
C:\ProgramData\NVIDIA Corporation\CUDA Samples\v5.0\5_Simulations\particles\Win32\Release\particleSystem_cuda.cu.cache
C:\ProgramData\NVIDIA Corporation\CUDA Samples\v5.0\5_Simulations\particles\Win32\Release\particleSystem_cuda.cu.obj
C:\ProgramData\NVIDIA Corporation\CUDA Samples\v5.0\5_Simulations\particles\Win32\Release\rc.command.1.tlog
C:\ProgramData\NVIDIA Corporation\CUDA Samples\v5.0\5_Simulations\particles\Win32\Release\rc.read.1.tlog
C:\ProgramData\NVIDIA Corporation\CUDA Samples\v5.0\5_Simulations\particles\Win32\Release\rc.write.1.tlog
C:\PROGRAMDATA\NVIDIA CORPORATION\CUDA SAMPLES\V5.0\5_SIMULATIONS\PARTICLES\WIN32\RELEASE\RENDER_PARTICLES.OBJ
C:\PROGRAMDATA\NVIDIA CORPORATION\CUDA SAMPLES\V5.0\5_SIMULATIONS\PARTICLES\WIN32\RELEASE\SHADERS.OBJ
C:\PROGRAMDATA\NVIDIA CORPORATION\CUDA SAMPLES\V5.0\5_SIMULATIONS\PARTICLES\WIN32\RELEASE\VC100.PDB
C:\PROGRAMDATA\NVIDIA CORPORATION\CUDA SAMPLES\V5.0\BIN\WIN32\RELEASE\PARTICLES.EXE
